  Source.c
D:\Facultate\!Anu 2 Sem II\Structuri de date\!Sesiune\Subiect_AVL_Depozit\Subiect_AVL_Depozit\Source.c(24,36): warning C4013: 'strlen' undefined; assuming extern returning int
D:\Facultate\!Anu 2 Sem II\Structuri de date\!Sesiune\Subiect_AVL_Depozit\Subiect_AVL_Depozit\Source.c(25,2): warning C4013: 'strcpy' undefined; assuming extern returning int
D:\Facultate\!Anu 2 Sem II\Structuri de date\!Sesiune\Subiect_AVL_Depozit\Subiect_AVL_Depozit\Source.c(34,12): warning C4133: '=': incompatible types - from 'nodArb *' to 'nodArb *'
D:\Facultate\!Anu 2 Sem II\Structuri de date\!Sesiune\Subiect_AVL_Depozit\Subiect_AVL_Depozit\Source.c(35,13): warning C4133: '=': incompatible types - from 'nodArb *' to 'nodArb *'
D:\Facultate\!Anu 2 Sem II\Structuri de date\!Sesiune\Subiect_AVL_Depozit\Subiect_AVL_Depozit\Source.c(46,31): warning C4133: 'function': incompatible types - from 'nodArb *' to 'nodArb *'
D:\Facultate\!Anu 2 Sem II\Structuri de date\!Sesiune\Subiect_AVL_Depozit\Subiect_AVL_Depozit\Source.c(46,14): warning C4133: '=': incompatible types - from 'nodArb *' to 'nodArb *'
D:\Facultate\!Anu 2 Sem II\Structuri de date\!Sesiune\Subiect_AVL_Depozit\Subiect_AVL_Depozit\Source.c(52,33): warning C4133: 'function': incompatible types - from 'nodArb *' to 'nodArb *'
D:\Facultate\!Anu 2 Sem II\Structuri de date\!Sesiune\Subiect_AVL_Depozit\Subiect_AVL_Depozit\Source.c(52,16): warning C4133: '=': incompatible types - from 'nodArb *' to 'nodArb *'
D:\Facultate\!Anu 2 Sem II\Structuri de date\!Sesiune\Subiect_AVL_Depozit\Subiect_AVL_Depozit\Source.c(74,16): warning C4133: 'function': incompatible types - from 'nodArb *' to 'nodArb *'
D:\Facultate\!Anu 2 Sem II\Structuri de date\!Sesiune\Subiect_AVL_Depozit\Subiect_AVL_Depozit\Source.c(75,16): warning C4133: 'function': incompatible types - from 'nodArb *' to 'nodArb *'
D:\Facultate\!Anu 2 Sem II\Structuri de date\!Sesiune\Subiect_AVL_Depozit\Subiect_AVL_Depozit\Source.c(84,15): warning C4133: 'function': incompatible types - from 'nodArb *' to 'nodArb *'
D:\Facultate\!Anu 2 Sem II\Structuri de date\!Sesiune\Subiect_AVL_Depozit\Subiect_AVL_Depozit\Source.c(93,15): warning C4133: 'function': incompatible types - from 'nodArb *' to 'nodArb *'
D:\Facultate\!Anu 2 Sem II\Structuri de date\!Sesiune\Subiect_AVL_Depozit\Subiect_AVL_Depozit\Source.c(101,17): warning C4133: 'function': incompatible types - from 'nodArb *' to 'nodArb *'
D:\Facultate\!Anu 2 Sem II\Structuri de date\!Sesiune\Subiect_AVL_Depozit\Subiect_AVL_Depozit\Source.c(102,17): warning C4133: 'function': incompatible types - from 'nodArb *' to 'nodArb *'
D:\Facultate\!Anu 2 Sem II\Structuri de date\!Sesiune\Subiect_AVL_Depozit\Subiect_AVL_Depozit\Source.c(106,10): warning C4129: ' ': unrecognized character escape sequence
D:\Facultate\!Anu 2 Sem II\Structuri de date\!Sesiune\Subiect_AVL_Depozit\Subiect_AVL_Depozit\Source.c(124,17): warning C4133: 'function': incompatible types - from 'nodArb *' to 'nodArb *'
D:\Facultate\!Anu 2 Sem II\Structuri de date\!Sesiune\Subiect_AVL_Depozit\Subiect_AVL_Depozit\Source.c(125,17): warning C4133: 'function': incompatible types - from 'nodArb *' to 'nodArb *'
D:\Facultate\!Anu 2 Sem II\Structuri de date\!Sesiune\Subiect_AVL_Depozit\Subiect_AVL_Depozit\Source.c(141,38): warning C4133: 'function': incompatible types - from 'nodArb *' to 'nodArb *'
D:\Facultate\!Anu 2 Sem II\Structuri de date\!Sesiune\Subiect_AVL_Depozit\Subiect_AVL_Depozit\Source.c(141,65): warning C4133: 'function': incompatible types - from 'nodArb *' to 'nodArb *'
D:\Facultate\!Anu 2 Sem II\Structuri de date\!Sesiune\Subiect_AVL_Depozit\Subiect_AVL_Depozit\Source.c(150,31): warning C4133: 'function': incompatible types - from 'nodArb *' to 'nodArb *'
D:\Facultate\!Anu 2 Sem II\Structuri de date\!Sesiune\Subiect_AVL_Depozit\Subiect_AVL_Depozit\Source.c(150,60): warning C4133: 'function': incompatible types - from 'nodArb *' to 'nodArb *'
D:\Facultate\!Anu 2 Sem II\Structuri de date\!Sesiune\Subiect_AVL_Depozit\Subiect_AVL_Depozit\Source.c(151,15): warning C4133: 'function': incompatible types - from 'nodArb *' to 'nodArb *'
D:\Facultate\!Anu 2 Sem II\Structuri de date\!Sesiune\Subiect_AVL_Depozit\Subiect_AVL_Depozit\Source.c(152,15): warning C4133: 'function': incompatible types - from 'nodArb *' to 'nodArb *'
D:\Facultate\!Anu 2 Sem II\Structuri de date\!Sesiune\Subiect_AVL_Depozit\Subiect_AVL_Depozit\Source.c(163,15): warning C4133: '=': incompatible types - from 'nodArb *' to 'nodArb *'
D:\Facultate\!Anu 2 Sem II\Structuri de date\!Sesiune\Subiect_AVL_Depozit\Subiect_AVL_Depozit\Source.c(161,11): warning C4133: 'initializing': incompatible types - from 'nodArb *' to 'nodArb *'
D:\Facultate\!Anu 2 Sem II\Structuri de date\!Sesiune\Subiect_AVL_Depozit\Subiect_AVL_Depozit\Source.c(177,14): warning C4133: '=': incompatible types - from 'nodArb *' to 'nodArb *'
D:\Facultate\!Anu 2 Sem II\Structuri de date\!Sesiune\Subiect_AVL_Depozit\Subiect_AVL_Depozit\Source.c(175,11): warning C4133: 'initializing': incompatible types - from 'nodArb *' to 'nodArb *'
D:\Facultate\!Anu 2 Sem II\Structuri de date\!Sesiune\Subiect_AVL_Depozit\Subiect_AVL_Depozit\Source.c(188,13): warning C4133: '=': incompatible types - from 'nodArb *' to 'nodArb *'
D:\Facultate\!Anu 2 Sem II\Structuri de date\!Sesiune\Subiect_AVL_Depozit\Subiect_AVL_Depozit\Source.c(190,14): warning C4133: '=': incompatible types - from 'nodArb *' to 'nodArb *'
D:\Facultate\!Anu 2 Sem II\Structuri de date\!Sesiune\Subiect_AVL_Depozit\Subiect_AVL_Depozit\Source.c(185,10): warning C4133: 'initializing': incompatible types - from 'nodArb *' to 'nodArb *'
D:\Facultate\!Anu 2 Sem II\Structuri de date\!Sesiune\Subiect_AVL_Depozit\Subiect_AVL_Depozit\Source.c(186,10): warning C4133: 'initializing': incompatible types - from 'nodArb *' to 'nodArb *'
D:\Facultate\!Anu 2 Sem II\Structuri de date\!Sesiune\Subiect_AVL_Depozit\Subiect_AVL_Depozit\Source.c(200,14): warning C4133: '=': incompatible types - from 'nodArb *' to 'nodArb *'
D:\Facultate\!Anu 2 Sem II\Structuri de date\!Sesiune\Subiect_AVL_Depozit\Subiect_AVL_Depozit\Source.c(202,13): warning C4133: '=': incompatible types - from 'nodArb *' to 'nodArb *'
D:\Facultate\!Anu 2 Sem II\Structuri de date\!Sesiune\Subiect_AVL_Depozit\Subiect_AVL_Depozit\Source.c(197,10): warning C4133: 'initializing': incompatible types - from 'nodArb *' to 'nodArb *'
D:\Facultate\!Anu 2 Sem II\Structuri de date\!Sesiune\Subiect_AVL_Depozit\Subiect_AVL_Depozit\Source.c(198,10): warning C4133: 'initializing': incompatible types - from 'nodArb *' to 'nodArb *'
D:\Facultate\!Anu 2 Sem II\Structuri de date\!Sesiune\Subiect_AVL_Depozit\Subiect_AVL_Depozit\Source.c(213,33): warning C4047: '==': 'nodArb *' differs in levels of indirection from 'int'
D:\Facultate\!Anu 2 Sem II\Structuri de date\!Sesiune\Subiect_AVL_Depozit\Subiect_AVL_Depozit\Source.c(211,10): warning C4133: 'initializing': incompatible types - from 'nodArb *' to 'nodArb *'
D:\Facultate\!Anu 2 Sem II\Structuri de date\!Sesiune\Subiect_AVL_Depozit\Subiect_AVL_Depozit\Source.c(212,10): warning C4133: 'initializing': incompatible types - from 'nodArb *' to 'nodArb *'
D:\Facultate\!Anu 2 Sem II\Structuri de date\!Sesiune\Subiect_AVL_Depozit\Subiect_AVL_Depozit\Source.c(245,8): warning C4013: 'strcmp' undefined; assuming extern returning int
D:\Facultate\!Anu 2 Sem II\Structuri de date\!Sesiune\Subiect_AVL_Depozit\Subiect_AVL_Depozit\Source.c(250,18): warning C4133: 'function': incompatible types - from 'nodArb *' to 'nodArb *'
D:\Facultate\!Anu 2 Sem II\Structuri de date\!Sesiune\Subiect_AVL_Depozit\Subiect_AVL_Depozit\Source.c(251,18): warning C4133: 'function': incompatible types - from 'nodArb *' to 'nodArb *'
D:\Facultate\!Anu 2 Sem II\Structuri de date\!Sesiune\Subiect_AVL_Depozit\Subiect_AVL_Depozit\Source.c(261,24): warning C4133: 'function': incompatible types - from 'nodArb *' to 'nodArb *'
D:\Facultate\!Anu 2 Sem II\Structuri de date\!Sesiune\Subiect_AVL_Depozit\Subiect_AVL_Depozit\Source.c(262,24): warning C4133: 'function': incompatible types - from 'nodArb *' to 'nodArb *'
D:\Facultate\!Anu 2 Sem II\Structuri de date\!Sesiune\Subiect_AVL_Depozit\Subiect_AVL_Depozit\Source.c(274,30): warning C4133: 'function': incompatible types - from 'nodArb *' to 'nodArb *'
D:\Facultate\!Anu 2 Sem II\Structuri de date\!Sesiune\Subiect_AVL_Depozit\Subiect_AVL_Depozit\Source.c(275,30): warning C4133: 'function': incompatible types - from 'nodArb *' to 'nodArb *'
D:\Facultate\!Anu 2 Sem II\Structuri de date\!Sesiune\Subiect_AVL_Depozit\Subiect_AVL_Depozit\Source.c(290,24): warning C4133: 'function': incompatible types - from 'nodArb *' to 'nodArb *'
D:\Facultate\!Anu 2 Sem II\Structuri de date\!Sesiune\Subiect_AVL_Depozit\Subiect_AVL_Depozit\Source.c(293,25): warning C4133: 'function': incompatible types - from 'nodArb *' to 'nodArb *'
D:\Facultate\!Anu 2 Sem II\Structuri de date\!Sesiune\Subiect_AVL_Depozit\Subiect_AVL_Depozit\Source.c(307,21): warning C4133: 'function': incompatible types - from 'nodArb *' to 'nodArb *'
D:\Facultate\!Anu 2 Sem II\Structuri de date\!Sesiune\Subiect_AVL_Depozit\Subiect_AVL_Depozit\Source.c(312,22): warning C4133: 'function': incompatible types - from 'nodArb *' to 'nodArb *'
D:\Facultate\!Anu 2 Sem II\Structuri de date\!Sesiune\Subiect_AVL_Depozit\Subiect_AVL_Depozit\Source.c(351,13): warning C4133: '=': incompatible types - from 'nodStiva *' to 'nodStiva *'
D:\Facultate\!Anu 2 Sem II\Structuri de date\!Sesiune\Subiect_AVL_Depozit\Subiect_AVL_Depozit\Source.c(365,9): warning C4133: '=': incompatible types - from 'nodStiva *' to 'nodStiva *'
D:\Facultate\!Anu 2 Sem II\Structuri de date\!Sesiune\Subiect_AVL_Depozit\Subiect_AVL_Depozit\Source.c(385,14): warning C4133: 'function': incompatible types - from 'nodArb *' to 'nodArb *'
D:\Facultate\!Anu 2 Sem II\Structuri de date\!Sesiune\Subiect_AVL_Depozit\Subiect_AVL_Depozit\Source.c(386,14): warning C4133: 'function': incompatible types - from 'nodArb *' to 'nodArb *'
D:\Facultate\!Anu 2 Sem II\Structuri de date\!Sesiune\Subiect_AVL_Depozit\Subiect_AVL_Depozit\Source.c(402,8): warning C4133: '=': incompatible types - from 'nodStiva *' to 'nodStiva *'
D:\Facultate\!Anu 2 Sem II\Structuri de date\!Sesiune\Subiect_AVL_Depozit\Subiect_AVL_Depozit\Source.c(479,48): warning C4047: 'function': 'int' differs in levels of indirection from 'char [3]'
D:\Facultate\!Anu 2 Sem II\Structuri de date\!Sesiune\Subiect_AVL_Depozit\Subiect_AVL_Depozit\Source.c(479,44): warning C4024: 'afisareCoduri': different types for formal and actual parameter 4
D:\Facultate\!Anu 2 Sem II\Structuri de date\!Sesiune\Subiect_AVL_Depozit\Subiect_AVL_Depozit\Source.c(489,26): warning C4047: 'function': 'int' differs in levels of indirection from 'char [3]'
D:\Facultate\!Anu 2 Sem II\Structuri de date\!Sesiune\Subiect_AVL_Depozit\Subiect_AVL_Depozit\Source.c(489,22): warning C4024: 'copiere': different types for formal and actual parameter 3
D:\Facultate\!Anu 2 Sem II\Structuri de date\!Sesiune\Subiect_AVL_Depozit\Subiect_AVL_Depozit\Source.c(169): warning C4715: 'rotatie_dreapta': not all control paths return a value
D:\Facultate\!Anu 2 Sem II\Structuri de date\!Sesiune\Subiect_AVL_Depozit\Subiect_AVL_Depozit\Source.c(182): warning C4715: 'rotatie_stanga': not all control paths return a value
D:\Facultate\!Anu 2 Sem II\Structuri de date\!Sesiune\Subiect_AVL_Depozit\Subiect_AVL_Depozit\Source.c(297): warning C4715: 'cautareInArbore': not all control paths return a value
  Subiect_AVL_Depozit.vcxproj -> D:\Facultate\!Anu 2 Sem II\Structuri de date\!Sesiune\Subiect_AVL_Depozit\x64\Debug\Subiect_AVL_Depozit.exe
