  Source.c
D:\Facultate\!Anu 2 Sem II\Structuri de date\!Sesiune\Subiect_Lista_de_Liste\Subiect_Lista_de_Liste\Source.c(27,37): warning C4013: 'strlen' undefined; assuming extern returning int
D:\Facultate\!Anu 2 Sem II\Structuri de date\!Sesiune\Subiect_Lista_de_Liste\Subiect_Lista_de_Liste\Source.c(28,2): warning C4013: 'strcpy' undefined; assuming extern returning int
D:\Facultate\!Anu 2 Sem II\Structuri de date\!Sesiune\Subiect_Lista_de_Liste\Subiect_Lista_de_Liste\Source.c(37,9): warning C4133: '=': incompatible types - from 'nodLS *' to 'nodLS *'
D:\Facultate\!Anu 2 Sem II\Structuri de date\!Sesiune\Subiect_Lista_de_Liste\Subiect_Lista_de_Liste\Source.c(38,14): warning C4133: '=': incompatible types - from 'nodLS *' to 'nodLS *'
D:\Facultate\!Anu 2 Sem II\Structuri de date\!Sesiune\Subiect_Lista_de_Liste\Subiect_Lista_de_Liste\Source.c(47,11): warning C4133: '=': incompatible types - from 'nodLS *' to 'nodLS *'
D:\Facultate\!Anu 2 Sem II\Structuri de date\!Sesiune\Subiect_Lista_de_Liste\Subiect_Lista_de_Liste\Source.c(57,9): warning C4133: '=': incompatible types - from 'nodLP *' to 'nodLP *'
D:\Facultate\!Anu 2 Sem II\Structuri de date\!Sesiune\Subiect_Lista_de_Liste\Subiect_Lista_de_Liste\Source.c(58,14): warning C4133: '=': incompatible types - from 'nodLP *' to 'nodLP *'
D:\Facultate\!Anu 2 Sem II\Structuri de date\!Sesiune\Subiect_Lista_de_Liste\Subiect_Lista_de_Liste\Source.c(71,8): warning C4133: '=': incompatible types - from 'nodLS *' to 'nodLS *'
D:\Facultate\!Anu 2 Sem II\Structuri de date\!Sesiune\Subiect_Lista_de_Liste\Subiect_Lista_de_Liste\Source.c(82,20): warning C4133: 'function': incompatible types - from 'nodLS *' to 'nodLS *'
D:\Facultate\!Anu 2 Sem II\Structuri de date\!Sesiune\Subiect_Lista_de_Liste\Subiect_Lista_de_Liste\Source.c(83,8): warning C4133: '=': incompatible types - from 'nodLP *' to 'nodLP *'
D:\Facultate\!Anu 2 Sem II\Structuri de date\!Sesiune\Subiect_Lista_de_Liste\Subiect_Lista_de_Liste\Source.c(93,10): warning C4133: 'initializing': incompatible types - from 'nodLS *' to 'nodLS *'
D:\Facultate\!Anu 2 Sem II\Structuri de date\!Sesiune\Subiect_Lista_de_Liste\Subiect_Lista_de_Liste\Source.c(106,20): warning C4133: 'function': incompatible types - from 'nodLS *' to 'nodLS *'
D:\Facultate\!Anu 2 Sem II\Structuri de date\!Sesiune\Subiect_Lista_de_Liste\Subiect_Lista_de_Liste\Source.c(105,10): warning C4133: 'initializing': incompatible types - from 'nodLP *' to 'nodLP *'
D:\Facultate\!Anu 2 Sem II\Structuri de date\!Sesiune\Subiect_Lista_de_Liste\Subiect_Lista_de_Liste\Source.c(128,12): warning C4133: '=': incompatible types - from 'nodArb *' to 'nodArb *'
D:\Facultate\!Anu 2 Sem II\Structuri de date\!Sesiune\Subiect_Lista_de_Liste\Subiect_Lista_de_Liste\Source.c(129,13): warning C4133: '=': incompatible types - from 'nodArb *' to 'nodArb *'
D:\Facultate\!Anu 2 Sem II\Structuri de date\!Sesiune\Subiect_Lista_de_Liste\Subiect_Lista_de_Liste\Source.c(140,37): warning C4133: 'function': incompatible types - from 'nodArb *' to 'nodArb *'
D:\Facultate\!Anu 2 Sem II\Structuri de date\!Sesiune\Subiect_Lista_de_Liste\Subiect_Lista_de_Liste\Source.c(140,14): warning C4133: '=': incompatible types - from 'nodArb *' to 'nodArb *'
D:\Facultate\!Anu 2 Sem II\Structuri de date\!Sesiune\Subiect_Lista_de_Liste\Subiect_Lista_de_Liste\Source.c(146,39): warning C4133: 'function': incompatible types - from 'nodArb *' to 'nodArb *'
D:\Facultate\!Anu 2 Sem II\Structuri de date\!Sesiune\Subiect_Lista_de_Liste\Subiect_Lista_de_Liste\Source.c(146,16): warning C4133: '=': incompatible types - from 'nodArb *' to 'nodArb *'
D:\Facultate\!Anu 2 Sem II\Structuri de date\!Sesiune\Subiect_Lista_de_Liste\Subiect_Lista_de_Liste\Source.c(162,16): warning C4133: 'function': incompatible types - from 'nodArb *' to 'nodArb *'
D:\Facultate\!Anu 2 Sem II\Structuri de date\!Sesiune\Subiect_Lista_de_Liste\Subiect_Lista_de_Liste\Source.c(163,16): warning C4133: 'function': incompatible types - from 'nodArb *' to 'nodArb *'
D:\Facultate\!Anu 2 Sem II\Structuri de date\!Sesiune\Subiect_Lista_de_Liste\Subiect_Lista_de_Liste\Source.c(171,15): warning C4133: 'function': incompatible types - from 'nodArb *' to 'nodArb *'
D:\Facultate\!Anu 2 Sem II\Structuri de date\!Sesiune\Subiect_Lista_de_Liste\Subiect_Lista_de_Liste\Source.c(174,15): warning C4133: 'function': incompatible types - from 'nodArb *' to 'nodArb *'
D:\Facultate\!Anu 2 Sem II\Structuri de date\!Sesiune\Subiect_Lista_de_Liste\Subiect_Lista_de_Liste\Source.c(185,23): warning C4133: 'function': incompatible types - from 'nodArb *' to 'nodArb *'
D:\Facultate\!Anu 2 Sem II\Structuri de date\!Sesiune\Subiect_Lista_de_Liste\Subiect_Lista_de_Liste\Source.c(186,23): warning C4133: 'function': incompatible types - from 'nodArb *' to 'nodArb *'
D:\Facultate\!Anu 2 Sem II\Structuri de date\!Sesiune\Subiect_Lista_de_Liste\Subiect_Lista_de_Liste\Source.c(217,38): warning C4133: 'function': incompatible types - from 'nodArb *' to 'nodArb *'
D:\Facultate\!Anu 2 Sem II\Structuri de date\!Sesiune\Subiect_Lista_de_Liste\Subiect_Lista_de_Liste\Source.c(217,65): warning C4133: 'function': incompatible types - from 'nodArb *' to 'nodArb *'
D:\Facultate\!Anu 2 Sem II\Structuri de date\!Sesiune\Subiect_Lista_de_Liste\Subiect_Lista_de_Liste\Source.c(226,31): warning C4133: 'function': incompatible types - from 'nodArb *' to 'nodArb *'
D:\Facultate\!Anu 2 Sem II\Structuri de date\!Sesiune\Subiect_Lista_de_Liste\Subiect_Lista_de_Liste\Source.c(226,60): warning C4133: 'function': incompatible types - from 'nodArb *' to 'nodArb *'
D:\Facultate\!Anu 2 Sem II\Structuri de date\!Sesiune\Subiect_Lista_de_Liste\Subiect_Lista_de_Liste\Source.c(227,15): warning C4133: 'function': incompatible types - from 'nodArb *' to 'nodArb *'
D:\Facultate\!Anu 2 Sem II\Structuri de date\!Sesiune\Subiect_Lista_de_Liste\Subiect_Lista_de_Liste\Source.c(228,15): warning C4133: 'function': incompatible types - from 'nodArb *' to 'nodArb *'
D:\Facultate\!Anu 2 Sem II\Structuri de date\!Sesiune\Subiect_Lista_de_Liste\Subiect_Lista_de_Liste\Source.c(238,13): warning C4133: '=': incompatible types - from 'nodArb *' to 'nodArb *'
D:\Facultate\!Anu 2 Sem II\Structuri de date\!Sesiune\Subiect_Lista_de_Liste\Subiect_Lista_de_Liste\Source.c(236,10): warning C4133: 'initializing': incompatible types - from 'nodArb *' to 'nodArb *'
D:\Facultate\!Anu 2 Sem II\Structuri de date\!Sesiune\Subiect_Lista_de_Liste\Subiect_Lista_de_Liste\Source.c(248,14): warning C4133: '=': incompatible types - from 'nodArb *' to 'nodArb *'
D:\Facultate\!Anu 2 Sem II\Structuri de date\!Sesiune\Subiect_Lista_de_Liste\Subiect_Lista_de_Liste\Source.c(246,10): warning C4133: 'initializing': incompatible types - from 'nodArb *' to 'nodArb *'
D:\Facultate\!Anu 2 Sem II\Structuri de date\!Sesiune\Subiect_Lista_de_Liste\Subiect_Lista_de_Liste\Source.c(256,10): warning C4133: 'initializing': incompatible types - from 'nodArb *' to 'nodArb *'
D:\Facultate\!Anu 2 Sem II\Structuri de date\!Sesiune\Subiect_Lista_de_Liste\Subiect_Lista_de_Liste\Source.c(257,10): warning C4133: 'initializing': incompatible types - from 'nodArb *' to 'nodArb *'
D:\Facultate\!Anu 2 Sem II\Structuri de date\!Sesiune\Subiect_Lista_de_Liste\Subiect_Lista_de_Liste\Source.c(281,10): warning C4133: '=': incompatible types - from 'nodLS *' to 'nodLS *'
D:\Facultate\!Anu 2 Sem II\Structuri de date\!Sesiune\Subiect_Lista_de_Liste\Subiect_Lista_de_Liste\Source.c(283,8): warning C4133: '=': incompatible types - from 'nodLP *' to 'nodLP *'
D:\Facultate\!Anu 2 Sem II\Structuri de date\!Sesiune\Subiect_Lista_de_Liste\Subiect_Lista_de_Liste\Source.c(276,10): warning C4133: 'initializing': incompatible types - from 'nodLS *' to 'nodLS *'
  Subiect_Lista_de_Liste.vcxproj -> D:\Facultate\!Anu 2 Sem II\Structuri de date\!Sesiune\Subiect_Lista_de_Liste\x64\Debug\Subiect_Lista_de_Liste.exe
