  Source.c
D:\Facultate\!Anu 2 Sem II\Structuri de date\!Sesiune\Implementare_Arbori\Implementare_Arbori\Source.c(22,37): warning C4013: 'strlen' undefined; assuming extern returning int
D:\Facultate\!Anu 2 Sem II\Structuri de date\!Sesiune\Implementare_Arbori\Implementare_Arbori\Source.c(23,2): warning C4013: 'strcpy' undefined; assuming extern returning int
D:\Facultate\!Anu 2 Sem II\Structuri de date\!Sesiune\Implementare_Arbori\Implementare_Arbori\Source.c(25,12): warning C4133: '=': incompatible types - from 'nodArb *' to 'nodArb *'
D:\Facultate\!Anu 2 Sem II\Structuri de date\!Sesiune\Implementare_Arbori\Implementare_Arbori\Source.c(26,13): warning C4133: '=': incompatible types - from 'nodArb *' to 'nodArb *'
D:\Facultate\!Anu 2 Sem II\Structuri de date\!Sesiune\Implementare_Arbori\Implementare_Arbori\Source.c(36,31): warning C4133: 'function': incompatible types - from 'nodArb *' to 'nodArb *'
D:\Facultate\!Anu 2 Sem II\Structuri de date\!Sesiune\Implementare_Arbori\Implementare_Arbori\Source.c(36,14): warning C4133: '=': incompatible types - from 'nodArb *' to 'nodArb *'
D:\Facultate\!Anu 2 Sem II\Structuri de date\!Sesiune\Implementare_Arbori\Implementare_Arbori\Source.c(42,33): warning C4133: 'function': incompatible types - from 'nodArb *' to 'nodArb *'
D:\Facultate\!Anu 2 Sem II\Structuri de date\!Sesiune\Implementare_Arbori\Implementare_Arbori\Source.c(42,16): warning C4133: '=': incompatible types - from 'nodArb *' to 'nodArb *'
D:\Facultate\!Anu 2 Sem II\Structuri de date\!Sesiune\Implementare_Arbori\Implementare_Arbori\Source.c(59,16): warning C4133: 'function': incompatible types - from 'nodArb *' to 'nodArb *'
D:\Facultate\!Anu 2 Sem II\Structuri de date\!Sesiune\Implementare_Arbori\Implementare_Arbori\Source.c(60,16): warning C4133: 'function': incompatible types - from 'nodArb *' to 'nodArb *'
D:\Facultate\!Anu 2 Sem II\Structuri de date\!Sesiune\Implementare_Arbori\Implementare_Arbori\Source.c(69,23): warning C4133: 'function': incompatible types - from 'nodArb *' to 'nodArb *'
D:\Facultate\!Anu 2 Sem II\Structuri de date\!Sesiune\Implementare_Arbori\Implementare_Arbori\Source.c(70,23): warning C4133: 'function': incompatible types - from 'nodArb *' to 'nodArb *'
D:\Facultate\!Anu 2 Sem II\Structuri de date\!Sesiune\Implementare_Arbori\Implementare_Arbori\Source.c(86,38): warning C4133: 'function': incompatible types - from 'nodArb *' to 'nodArb *'
D:\Facultate\!Anu 2 Sem II\Structuri de date\!Sesiune\Implementare_Arbori\Implementare_Arbori\Source.c(86,65): warning C4133: 'function': incompatible types - from 'nodArb *' to 'nodArb *'
D:\Facultate\!Anu 2 Sem II\Structuri de date\!Sesiune\Implementare_Arbori\Implementare_Arbori\Source.c(95,31): warning C4133: 'function': incompatible types - from 'nodArb *' to 'nodArb *'
D:\Facultate\!Anu 2 Sem II\Structuri de date\!Sesiune\Implementare_Arbori\Implementare_Arbori\Source.c(95,60): warning C4133: 'function': incompatible types - from 'nodArb *' to 'nodArb *'
D:\Facultate\!Anu 2 Sem II\Structuri de date\!Sesiune\Implementare_Arbori\Implementare_Arbori\Source.c(96,15): warning C4133: 'function': incompatible types - from 'nodArb *' to 'nodArb *'
D:\Facultate\!Anu 2 Sem II\Structuri de date\!Sesiune\Implementare_Arbori\Implementare_Arbori\Source.c(97,15): warning C4133: 'function': incompatible types - from 'nodArb *' to 'nodArb *'
D:\Facultate\!Anu 2 Sem II\Structuri de date\!Sesiune\Implementare_Arbori\Implementare_Arbori\Source.c(106,13): warning C4133: '=': incompatible types - from 'nodArb *' to 'nodArb *'
D:\Facultate\!Anu 2 Sem II\Structuri de date\!Sesiune\Implementare_Arbori\Implementare_Arbori\Source.c(104,10): warning C4133: 'initializing': incompatible types - from 'nodArb *' to 'nodArb *'
D:\Facultate\!Anu 2 Sem II\Structuri de date\!Sesiune\Implementare_Arbori\Implementare_Arbori\Source.c(116,14): warning C4133: '=': incompatible types - from 'nodArb *' to 'nodArb *'
D:\Facultate\!Anu 2 Sem II\Structuri de date\!Sesiune\Implementare_Arbori\Implementare_Arbori\Source.c(114,10): warning C4133: 'initializing': incompatible types - from 'nodArb *' to 'nodArb *'
D:\Facultate\!Anu 2 Sem II\Structuri de date\!Sesiune\Implementare_Arbori\Implementare_Arbori\Source.c(127,14): warning C4133: '=': incompatible types - from 'nodArb *' to 'nodArb *'
D:\Facultate\!Anu 2 Sem II\Structuri de date\!Sesiune\Implementare_Arbori\Implementare_Arbori\Source.c(129,13): warning C4133: '=': incompatible types - from 'nodArb *' to 'nodArb *'
D:\Facultate\!Anu 2 Sem II\Structuri de date\!Sesiune\Implementare_Arbori\Implementare_Arbori\Source.c(124,10): warning C4133: 'initializing': incompatible types - from 'nodArb *' to 'nodArb *'
D:\Facultate\!Anu 2 Sem II\Structuri de date\!Sesiune\Implementare_Arbori\Implementare_Arbori\Source.c(125,10): warning C4133: 'initializing': incompatible types - from 'nodArb *' to 'nodArb *'
D:\Facultate\!Anu 2 Sem II\Structuri de date\!Sesiune\Implementare_Arbori\Implementare_Arbori\Source.c(141,13): warning C4133: '=': incompatible types - from 'nodArb *' to 'nodArb *'
D:\Facultate\!Anu 2 Sem II\Structuri de date\!Sesiune\Implementare_Arbori\Implementare_Arbori\Source.c(143,14): warning C4133: '=': incompatible types - from 'nodArb *' to 'nodArb *'
D:\Facultate\!Anu 2 Sem II\Structuri de date\!Sesiune\Implementare_Arbori\Implementare_Arbori\Source.c(138,10): warning C4133: 'initializing': incompatible types - from 'nodArb *' to 'nodArb *'
D:\Facultate\!Anu 2 Sem II\Structuri de date\!Sesiune\Implementare_Arbori\Implementare_Arbori\Source.c(139,10): warning C4133: 'initializing': incompatible types - from 'nodArb *' to 'nodArb *'
D:\Facultate\!Anu 2 Sem II\Structuri de date\!Sesiune\Implementare_Arbori\Implementare_Arbori\Source.c(171,36): warning C4047: '==': 'nodArb *' differs in levels of indirection from 'int'
D:\Facultate\!Anu 2 Sem II\Structuri de date\!Sesiune\Implementare_Arbori\Implementare_Arbori\Source.c(151,10): warning C4133: 'initializing': incompatible types - from 'nodArb *' to 'nodArb *'
D:\Facultate\!Anu 2 Sem II\Structuri de date\!Sesiune\Implementare_Arbori\Implementare_Arbori\Source.c(152,10): warning C4133: 'initializing': incompatible types - from 'nodArb *' to 'nodArb *'
D:\Facultate\!Anu 2 Sem II\Structuri de date\!Sesiune\Implementare_Arbori\Implementare_Arbori\Source.c(186,27): warning C4133: 'function': incompatible types - from 'nodArb *' to 'nodArb *'
D:\Facultate\!Anu 2 Sem II\Structuri de date\!Sesiune\Implementare_Arbori\Implementare_Arbori\Source.c(187,27): warning C4133: 'function': incompatible types - from 'nodArb *' to 'nodArb *'
D:\Facultate\!Anu 2 Sem II\Structuri de date\!Sesiune\Implementare_Arbori\Implementare_Arbori\Source.c(200,20): warning C4133: 'function': incompatible types - from 'nodArb *' to 'nodArb *'
D:\Facultate\!Anu 2 Sem II\Structuri de date\!Sesiune\Implementare_Arbori\Implementare_Arbori\Source.c(201,20): warning C4133: 'function': incompatible types - from 'nodArb *' to 'nodArb *'
D:\Facultate\!Anu 2 Sem II\Structuri de date\!Sesiune\Implementare_Arbori\Implementare_Arbori\Source.c(211,8): warning C4133: '=': incompatible types - from 'nodArb *' to 'nodArb *'
D:\Facultate\!Anu 2 Sem II\Structuri de date\!Sesiune\Implementare_Arbori\Implementare_Arbori\Source.c(216,10): warning C4133: '=': incompatible types - from 'nodArb *' to 'nodArb *'
D:\Facultate\!Anu 2 Sem II\Structuri de date\!Sesiune\Implementare_Arbori\Implementare_Arbori\Source.c(223,9): warning C4133: '=': incompatible types - from 'nodArb *' to 'nodArb *'
D:\Facultate\!Anu 2 Sem II\Structuri de date\!Sesiune\Implementare_Arbori\Implementare_Arbori\Source.c(214,13): warning C4133: 'initializing': incompatible types - from 'nodArb *' to 'nodArb *'
D:\Facultate\!Anu 2 Sem II\Structuri de date\!Sesiune\Implementare_Arbori\Implementare_Arbori\Source.c(231): warning C4715: 'stergeRad': not all control paths return a value
  Implementare_Arbori.vcxproj -> D:\Facultate\!Anu 2 Sem II\Structuri de date\!Sesiune\Implementare_Arbori\x64\Debug\Implementare_Arbori.exe
