  Arbori_AVL.c
D:\Facultate\!Anu 2 Sem II\Structuri de date\!Sesiune\Arbori_AVL\Arbori_AVL\Arbori_AVL.c(22,37): warning C4013: 'strlen' undefined; assuming extern returning int
D:\Facultate\!Anu 2 Sem II\Structuri de date\!Sesiune\Arbori_AVL\Arbori_AVL\Arbori_AVL.c(23,2): warning C4013: 'strcpy' undefined; assuming extern returning int
D:\Facultate\!Anu 2 Sem II\Structuri de date\!Sesiune\Arbori_AVL\Arbori_AVL\Arbori_AVL.c(25,12): warning C4133: '=': incompatible types - from 'nodArb *' to 'nodArb *'
D:\Facultate\!Anu 2 Sem II\Structuri de date\!Sesiune\Arbori_AVL\Arbori_AVL\Arbori_AVL.c(26,13): warning C4133: '=': incompatible types - from 'nodArb *' to 'nodArb *'
D:\Facultate\!Anu 2 Sem II\Structuri de date\!Sesiune\Arbori_AVL\Arbori_AVL\Arbori_AVL.c(36,31): warning C4133: 'function': incompatible types - from 'nodArb *' to 'nodArb *'
D:\Facultate\!Anu 2 Sem II\Structuri de date\!Sesiune\Arbori_AVL\Arbori_AVL\Arbori_AVL.c(36,14): warning C4133: '=': incompatible types - from 'nodArb *' to 'nodArb *'
D:\Facultate\!Anu 2 Sem II\Structuri de date\!Sesiune\Arbori_AVL\Arbori_AVL\Arbori_AVL.c(42,31): warning C4133: 'function': incompatible types - from 'nodArb *' to 'nodArb *'
D:\Facultate\!Anu 2 Sem II\Structuri de date\!Sesiune\Arbori_AVL\Arbori_AVL\Arbori_AVL.c(42,15): warning C4133: '=': incompatible types - from 'nodArb *' to 'nodArb *'
D:\Facultate\!Anu 2 Sem II\Structuri de date\!Sesiune\Arbori_AVL\Arbori_AVL\Arbori_AVL.c(58,16): warning C4133: 'function': incompatible types - from 'nodArb *' to 'nodArb *'
D:\Facultate\!Anu 2 Sem II\Structuri de date\!Sesiune\Arbori_AVL\Arbori_AVL\Arbori_AVL.c(59,16): warning C4133: 'function': incompatible types - from 'nodArb *' to 'nodArb *'
D:\Facultate\!Anu 2 Sem II\Structuri de date\!Sesiune\Arbori_AVL\Arbori_AVL\Arbori_AVL.c(67,15): warning C4133: 'function': incompatible types - from 'nodArb *' to 'nodArb *'
D:\Facultate\!Anu 2 Sem II\Structuri de date\!Sesiune\Arbori_AVL\Arbori_AVL\Arbori_AVL.c(70,15): warning C4133: 'function': incompatible types - from 'nodArb *' to 'nodArb *'
D:\Facultate\!Anu 2 Sem II\Structuri de date\!Sesiune\Arbori_AVL\Arbori_AVL\Arbori_AVL.c(78,17): warning C4133: 'function': incompatible types - from 'nodArb *' to 'nodArb *'
D:\Facultate\!Anu 2 Sem II\Structuri de date\!Sesiune\Arbori_AVL\Arbori_AVL\Arbori_AVL.c(79,17): warning C4133: 'function': incompatible types - from 'nodArb *' to 'nodArb *'
D:\Facultate\!Anu 2 Sem II\Structuri de date\!Sesiune\Arbori_AVL\Arbori_AVL\Arbori_AVL.c(90,17): warning C4133: 'function': incompatible types - from 'nodArb *' to 'nodArb *'
D:\Facultate\!Anu 2 Sem II\Structuri de date\!Sesiune\Arbori_AVL\Arbori_AVL\Arbori_AVL.c(91,17): warning C4133: 'function': incompatible types - from 'nodArb *' to 'nodArb *'
D:\Facultate\!Anu 2 Sem II\Structuri de date\!Sesiune\Arbori_AVL\Arbori_AVL\Arbori_AVL.c(102,27): warning C4133: 'function': incompatible types - from 'nodArb *' to 'nodArb *'
D:\Facultate\!Anu 2 Sem II\Structuri de date\!Sesiune\Arbori_AVL\Arbori_AVL\Arbori_AVL.c(103,27): warning C4133: 'function': incompatible types - from 'nodArb *' to 'nodArb *'
D:\Facultate\!Anu 2 Sem II\Structuri de date\!Sesiune\Arbori_AVL\Arbori_AVL\Arbori_AVL.c(116,20): warning C4133: 'function': incompatible types - from 'nodArb *' to 'nodArb *'
D:\Facultate\!Anu 2 Sem II\Structuri de date\!Sesiune\Arbori_AVL\Arbori_AVL\Arbori_AVL.c(117,20): warning C4133: 'function': incompatible types - from 'nodArb *' to 'nodArb *'
D:\Facultate\!Anu 2 Sem II\Structuri de date\!Sesiune\Arbori_AVL\Arbori_AVL\Arbori_AVL.c(131,11): warning C4133: 'initializing': incompatible types - from 'nodArb *' to 'nodArb *'
D:\Facultate\!Anu 2 Sem II\Structuri de date\!Sesiune\Arbori_AVL\Arbori_AVL\Arbori_AVL.c(132,11): warning C4133: 'initializing': incompatible types - from 'nodArb *' to 'nodArb *'
D:\Facultate\!Anu 2 Sem II\Structuri de date\!Sesiune\Arbori_AVL\Arbori_AVL\Arbori_AVL.c(148,23): warning C4133: 'function': incompatible types - from 'nodArb *' to 'nodArb *'
D:\Facultate\!Anu 2 Sem II\Structuri de date\!Sesiune\Arbori_AVL\Arbori_AVL\Arbori_AVL.c(149,27): warning C4133: 'function': incompatible types - from 'nodArb *' to 'nodArb *'
D:\Facultate\!Anu 2 Sem II\Structuri de date\!Sesiune\Arbori_AVL\Arbori_AVL\Arbori_AVL.c(160,7): warning C4133: '=': incompatible types - from 'nodArb *' to 'nodArb *'
D:\Facultate\!Anu 2 Sem II\Structuri de date\!Sesiune\Arbori_AVL\Arbori_AVL\Arbori_AVL.c(167,9): warning C4133: '=': incompatible types - from 'nodArb *' to 'nodArb *'
D:\Facultate\!Anu 2 Sem II\Structuri de date\!Sesiune\Arbori_AVL\Arbori_AVL\Arbori_AVL.c(176,8): warning C4133: '=': incompatible types - from 'nodArb *' to 'nodArb *'
D:\Facultate\!Anu 2 Sem II\Structuri de date\!Sesiune\Arbori_AVL\Arbori_AVL\Arbori_AVL.c(163,12): warning C4133: 'initializing': incompatible types - from 'nodArb *' to 'nodArb *'
D:\Facultate\!Anu 2 Sem II\Structuri de date\!Sesiune\Arbori_AVL\Arbori_AVL\Arbori_AVL.c(191,29): warning C4133: 'function': incompatible types - from 'nodArb *' to 'nodArb *'
D:\Facultate\!Anu 2 Sem II\Structuri de date\!Sesiune\Arbori_AVL\Arbori_AVL\Arbori_AVL.c(191,14): warning C4133: '=': incompatible types - from 'nodArb *' to 'nodArb *'
D:\Facultate\!Anu 2 Sem II\Structuri de date\!Sesiune\Arbori_AVL\Arbori_AVL\Arbori_AVL.c(195,31): warning C4133: 'function': incompatible types - from 'nodArb *' to 'nodArb *'
D:\Facultate\!Anu 2 Sem II\Structuri de date\!Sesiune\Arbori_AVL\Arbori_AVL\Arbori_AVL.c(195,16): warning C4133: '=': incompatible types - from 'nodArb *' to 'nodArb *'
D:\Facultate\!Anu 2 Sem II\Structuri de date\!Sesiune\Arbori_AVL\Arbori_AVL\Arbori_AVL.c(215,38): warning C4133: 'function': incompatible types - from 'nodArb *' to 'nodArb *'
D:\Facultate\!Anu 2 Sem II\Structuri de date\!Sesiune\Arbori_AVL\Arbori_AVL\Arbori_AVL.c(215,65): warning C4133: 'function': incompatible types - from 'nodArb *' to 'nodArb *'
D:\Facultate\!Anu 2 Sem II\Structuri de date\!Sesiune\Arbori_AVL\Arbori_AVL\Arbori_AVL.c(225,31): warning C4133: 'function': incompatible types - from 'nodArb *' to 'nodArb *'
D:\Facultate\!Anu 2 Sem II\Structuri de date\!Sesiune\Arbori_AVL\Arbori_AVL\Arbori_AVL.c(225,60): warning C4133: 'function': incompatible types - from 'nodArb *' to 'nodArb *'
D:\Facultate\!Anu 2 Sem II\Structuri de date\!Sesiune\Arbori_AVL\Arbori_AVL\Arbori_AVL.c(226,15): warning C4133: 'function': incompatible types - from 'nodArb *' to 'nodArb *'
D:\Facultate\!Anu 2 Sem II\Structuri de date\!Sesiune\Arbori_AVL\Arbori_AVL\Arbori_AVL.c(227,15): warning C4133: 'function': incompatible types - from 'nodArb *' to 'nodArb *'
D:\Facultate\!Anu 2 Sem II\Structuri de date\!Sesiune\Arbori_AVL\Arbori_AVL\Arbori_AVL.c(236,14): warning C4133: '=': incompatible types - from 'nodArb *' to 'nodArb *'
D:\Facultate\!Anu 2 Sem II\Structuri de date\!Sesiune\Arbori_AVL\Arbori_AVL\Arbori_AVL.c(234,10): warning C4133: 'initializing': incompatible types - from 'nodArb *' to 'nodArb *'
D:\Facultate\!Anu 2 Sem II\Structuri de date\!Sesiune\Arbori_AVL\Arbori_AVL\Arbori_AVL.c(246,13): warning C4133: '=': incompatible types - from 'nodArb *' to 'nodArb *'
D:\Facultate\!Anu 2 Sem II\Structuri de date\!Sesiune\Arbori_AVL\Arbori_AVL\Arbori_AVL.c(244,10): warning C4133: 'initializing': incompatible types - from 'nodArb *' to 'nodArb *'
D:\Facultate\!Anu 2 Sem II\Structuri de date\!Sesiune\Arbori_AVL\Arbori_AVL\Arbori_AVL.c(257,13): warning C4133: '=': incompatible types - from 'nodArb *' to 'nodArb *'
D:\Facultate\!Anu 2 Sem II\Structuri de date\!Sesiune\Arbori_AVL\Arbori_AVL\Arbori_AVL.c(259,14): warning C4133: '=': incompatible types - from 'nodArb *' to 'nodArb *'
D:\Facultate\!Anu 2 Sem II\Structuri de date\!Sesiune\Arbori_AVL\Arbori_AVL\Arbori_AVL.c(254,10): warning C4133: 'initializing': incompatible types - from 'nodArb *' to 'nodArb *'
D:\Facultate\!Anu 2 Sem II\Structuri de date\!Sesiune\Arbori_AVL\Arbori_AVL\Arbori_AVL.c(255,10): warning C4133: 'initializing': incompatible types - from 'nodArb *' to 'nodArb *'
D:\Facultate\!Anu 2 Sem II\Structuri de date\!Sesiune\Arbori_AVL\Arbori_AVL\Arbori_AVL.c(270,14): warning C4133: '=': incompatible types - from 'nodArb *' to 'nodArb *'
D:\Facultate\!Anu 2 Sem II\Structuri de date\!Sesiune\Arbori_AVL\Arbori_AVL\Arbori_AVL.c(272,13): warning C4133: '=': incompatible types - from 'nodArb *' to 'nodArb *'
D:\Facultate\!Anu 2 Sem II\Structuri de date\!Sesiune\Arbori_AVL\Arbori_AVL\Arbori_AVL.c(267,10): warning C4133: 'initializing': incompatible types - from 'nodArb *' to 'nodArb *'
D:\Facultate\!Anu 2 Sem II\Structuri de date\!Sesiune\Arbori_AVL\Arbori_AVL\Arbori_AVL.c(268,10): warning C4133: 'initializing': incompatible types - from 'nodArb *' to 'nodArb *'
D:\Facultate\!Anu 2 Sem II\Structuri de date\!Sesiune\Arbori_AVL\Arbori_AVL\Arbori_AVL.c(280,10): warning C4133: 'initializing': incompatible types - from 'nodArb *' to 'nodArb *'
D:\Facultate\!Anu 2 Sem II\Structuri de date\!Sesiune\Arbori_AVL\Arbori_AVL\Arbori_AVL.c(281,10): warning C4133: 'initializing': incompatible types - from 'nodArb *' to 'nodArb *'
D:\Facultate\!Anu 2 Sem II\Structuri de date\!Sesiune\Arbori_AVL\Arbori_AVL\Arbori_AVL.c(202): warning C4715: 'stergeNod': not all control paths return a value
  Arbori_AVL.vcxproj -> D:\Facultate\!Anu 2 Sem II\Structuri de date\!Sesiune\Arbori_AVL\x64\Debug\Arbori_AVL.exe
